# Preference setting overrides
gui_create_pref_key -category {Globals} -key {load_detail_for_funcov} -value_type {bool} -value {false}

# State setting overrides
gui_state_default_create -off -ini
gui_set_state_value -category Globals -key recent_databases -value {{gui_open_db -file /home/cc/eecs151/fa22/class/eecs151-afk/fpga_labs_fa22/lab2/sim/counter_testbench.vpd -design V1} {gui_open_db -file sim/counter_testbench.vpd} {gui_open_db -file sim/adder_testbench.vpd} {gui_open_db -file /home/cc/eecs151/fa22/class/eecs151-afk/fpga_labs_fa22/lab2/sim/adder_testbench.vpd -design V1}}
gui_set_state_value -category Layout -key child_console_size_x -value 1048
gui_set_state_value -category Layout -key child_console_size_y -value 175
gui_set_state_value -category Layout -key child_data_size_x -value 169
gui_set_state_value -category Layout -key child_data_size_y -value 563
gui_set_state_value -category Layout -key child_driver_docknewline -value true
gui_set_state_value -category Layout -key child_driver_size_x -value 1050
gui_set_state_value -category Layout -key child_driver_size_y -value 179
gui_set_state_value -category Layout -key child_hier_col3 -value {-1}
gui_set_state_value -category Layout -key child_hier_colpd -value 0
gui_set_state_value -category Layout -key child_hier_size_x -value 169
gui_set_state_value -category Layout -key child_hier_size_y -value 563
gui_set_state_value -category Layout -key child_hier_sort_order -value 1
gui_set_state_value -category Layout -key child_source_docknewline -value false
gui_set_state_value -category Layout -key child_source_pos_x -value {-2}
gui_set_state_value -category Layout -key child_source_pos_y -value {-15}
gui_set_state_value -category Layout -key child_source_size_x -value 713
gui_set_state_value -category Layout -key child_source_size_y -value 558
gui_set_state_value -category Layout -key child_wave_colname -value 138
gui_set_state_value -category Layout -key child_wave_colvalue -value 138
gui_set_state_value -category Layout -key child_wave_docknewline -value false
gui_set_state_value -category Layout -key child_wave_left -value 281
gui_set_state_value -category Layout -key child_wave_pos_x -value {-2}
gui_set_state_value -category Layout -key child_wave_pos_y -value {-15}
gui_set_state_value -category Layout -key child_wave_right -value 687
gui_set_state_value -category Layout -key child_wave_size_x -value 1061
gui_set_state_value -category Layout -key child_wave_size_y -value 733
gui_set_state_value -category Layout -key main_pos_x -value 101
gui_set_state_value -category Layout -key main_pos_y -value 430
gui_set_state_value -category Layout -key main_size_x -value 1149
gui_set_state_value -category Layout -key main_size_y -value 1264
gui_set_state_value -category Layout -key stand_wave_child_docknewline -value false
gui_set_state_value -category Layout -key stand_wave_child_pos_x -value {-2}
gui_set_state_value -category Layout -key stand_wave_child_pos_y -value {-15}
gui_set_state_value -category Layout -key stand_wave_child_size_x -value 978
gui_set_state_value -category Layout -key stand_wave_child_size_y -value 400
gui_set_state_value -category Layout -key stand_wave_top_pos_x -value 81
gui_set_state_value -category Layout -key stand_wave_top_pos_y -value 609
gui_set_state_value -category Layout -key stand_wave_top_size_x -value 1054
gui_set_state_value -category Layout -key stand_wave_top_size_y -value 1110
gui_create_state_key -category FindDialog -key m_pMatchCase -value_type bool -value false
gui_create_state_key -category FindDialog -key m_pMatchWord -value_type bool -value false
gui_create_state_key -category FindDialog -key m_pUseCombo -value_type string -value {}
gui_create_state_key -category FindDialog -key m_pWrapAround -value_type bool -value true
gui_state_default_create -off

# Begin command logging
gui_open_db -file sim/counter_testbench.vpd
gui_open_window Wave
gui_list_add -id Wave.1 -from Hier.1 { counter_testbench } -insertionbar
gui_marker_move -id  Wave.1 C1 69
gui_zoom -window Wave.1 -full
gui_marker_move -id  Wave.1 C1 100000000
gui_close_window -window TopLevel.2
