
****** Vivado v2021.1 (64-bit)
  **** SW Build 3247384 on Thu Jun 10 19:36:07 MDT 2021
  **** IP Build 3246043 on Fri Jun 11 00:30:35 MDT 2021
    ** Copyright 1986-2021 Xilinx, Inc. All Rights Reserved.

source /home/cc/eecs151/fa22/class/eecs151-afk/fpga_labs_fa22/lab2/../scripts/impl.tcl
# source ../target.tcl
## set ABS_TOP                         /home/cc/eecs151/fa22/class/eecs151-afk/fpga_labs_fa22/lab2
## set TOP                            z1top
## set FPGA_PART                      xc7z020clg400-1
## set_param general.maxThreads       4
## set_param general.maxBackupLogs    0
## set RTL { /home/cc/eecs151/fa22/class/eecs151-afk/fpga_labs_fa22/lab2/src/adder_tester.v /home/cc/eecs151/fa22/class/eecs151-afk/fpga_labs_fa22/lab2/src/behavioral_adder.v /home/cc/eecs151/fa22/class/eecs151-afk/fpga_labs_fa22/lab2/src/counter.v /home/cc/eecs151/fa22/class/eecs151-afk/fpga_labs_fa22/lab2/src/full_adder.v /home/cc/eecs151/fa22/class/eecs151-afk/fpga_labs_fa22/lab2/src/structural_adder.v /home/cc/eecs151/fa22/class/eecs151-afk/fpga_labs_fa22/lab2/src/z1top.v }
## set CONSTRAINTS { /home/cc/eecs151/fa22/class/eecs151-afk/fpga_labs_fa22/lab2/src/z1top.xdc }
# open_checkpoint ${ABS_TOP}/build/synth/${TOP}.dcp
Command: open_checkpoint /home/cc/eecs151/fa22/class/eecs151-afk/fpga_labs_fa22/lab2/build/synth/z1top.dcp

Starting open_checkpoint Task

Time (s): cpu = 00:00:00.05 ; elapsed = 00:00:00.09 . Memory (MB): peak = 2546.543 ; gain = 0.000 ; free physical = 829 ; free virtual = 2409
INFO: [Device 21-403] Loading part xc7z020clg400-1
Netlist sorting complete. Time (s): cpu = 00:00:00 ; elapsed = 00:00:00.01 . Memory (MB): peak = 2552.848 ; gain = 0.000 ; free physical = 212 ; free virtual = 1924
INFO: [Netlist 29-17] Analyzing 7 Unisim elements for replacement
INFO: [Netlist 29-28] Unisim Transformation completed in 0 CPU seconds
INFO: [Project 1-479] Netlist was created with Vivado 2021.1
INFO: [Project 1-570] Preparing netlist for logic optimization
INFO: [Timing 38-478] Restoring timing data from binary archive.
INFO: [Timing 38-479] Binary timing data restore complete.
INFO: [Project 1-856] Restoring constraints from binary archive.
INFO: [Project 1-853] Binary constraint restore complete.
Reading XDEF placement.
Reading placer database...
Reading XDEF routing.
Read XDEF File: Time (s): cpu = 00:00:00.13 ; elapsed = 00:00:00.26 . Memory (MB): peak = 2569.695 ; gain = 0.000 ; free physical = 166 ; free virtual = 1327
Restored from archive | CPU: 0.140000 secs | Memory: 1.160889 MB |
Finished XDEF File Restore: Time (s): cpu = 00:00:00.13 ; elapsed = 00:00:00.26 . Memory (MB): peak = 2569.695 ; gain = 0.000 ; free physical = 166 ; free virtual = 1327
Netlist sorting complete. Time (s): cpu = 00:00:00 ; elapsed = 00:00:00 . Memory (MB): peak = 2569.695 ; gain = 0.000 ; free physical = 158 ; free virtual = 1321
INFO: [Project 1-111] Unisim Transformation Summary:
No Unisim elements were transformed.

INFO: [Project 1-604] Checkpoint was created with Vivado v2021.1 (64-bit) build 3247384
open_checkpoint: Time (s): cpu = 00:00:27 ; elapsed = 00:00:40 . Memory (MB): peak = 2569.695 ; gain = 23.156 ; free physical = 155 ; free virtual = 1319
# if {[string trim ${CONSTRAINTS}] ne ""} {
#   read_xdc ${CONSTRAINTS}
# }
Parsing XDC File [/home/cc/eecs151/fa22/class/eecs151-afk/fpga_labs_fa22/lab2/src/z1top.xdc]
Finished Parsing XDC File [/home/cc/eecs151/fa22/class/eecs151-afk/fpga_labs_fa22/lab2/src/z1top.xdc]
# opt_design
Command: opt_design
Attempting to get a license for feature 'Implementation' and/or device 'xc7z020'
INFO: [Common 17-349] Got license for feature 'Implementation' and/or device 'xc7z020'
Running DRC as a precondition to command opt_design

Starting DRC Task
INFO: [DRC 23-27] Running DRC with 4 threads
INFO: [Project 1-461] DRC finished with 0 Errors
INFO: [Project 1-462] Please refer to the DRC report (report_drc) for more information.

Time (s): cpu = 00:00:02 ; elapsed = 00:00:02 . Memory (MB): peak = 2643.328 ; gain = 73.633 ; free physical = 160 ; free virtual = 1306

Starting Cache Timing Information Task
INFO: [Timing 38-35] Done setting XDC timing constraints.
Ending Cache Timing Information Task | Checksum: 17c541b3a

Time (s): cpu = 00:00:00.07 ; elapsed = 00:00:00.14 . Memory (MB): peak = 2709.141 ; gain = 65.812 ; free physical = 156 ; free virtual = 1304

Starting Logic Optimization Task

Phase 1 Retarget
INFO: [Opt 31-138] Pushed 0 inverter(s) to 0 load pin(s).
INFO: [Opt 31-49] Retargeted 0 cell(s).
Phase 1 Retarget | Checksum: 17c541b3a

Time (s): cpu = 00:00:00.04 ; elapsed = 00:00:00.24 . Memory (MB): peak = 2868.141 ; gain = 0.004 ; free physical = 157 ; free virtual = 1123
INFO: [Opt 31-389] Phase Retarget created 0 cells and removed 0 cells

Phase 2 Constant propagation
INFO: [Opt 31-138] Pushed 0 inverter(s) to 0 load pin(s).
Phase 2 Constant propagation | Checksum: 17c541b3a

Time (s): cpu = 00:00:00.05 ; elapsed = 00:00:00.24 . Memory (MB): peak = 2868.141 ; gain = 0.004 ; free physical = 156 ; free virtual = 1123
INFO: [Opt 31-389] Phase Constant propagation created 0 cells and removed 0 cells

Phase 3 Sweep
Phase 3 Sweep | Checksum: e743d297

Time (s): cpu = 00:00:00.05 ; elapsed = 00:00:00.31 . Memory (MB): peak = 2868.141 ; gain = 0.004 ; free physical = 153 ; free virtual = 1123
INFO: [Opt 31-389] Phase Sweep created 0 cells and removed 0 cells

Phase 4 BUFG optimization
Phase 4 BUFG optimization | Checksum: e743d297

Time (s): cpu = 00:00:00.06 ; elapsed = 00:00:00.32 . Memory (MB): peak = 2868.141 ; gain = 0.004 ; free physical = 153 ; free virtual = 1124
INFO: [Opt 31-662] Phase BUFG optimization created 0 cells of which 0 are BUFGs and removed 0 cells.

Phase 5 Shift Register Optimization
INFO: [Opt 31-1064] SRL Remap converted 0 SRLs to 0 registers and converted 0 registers of register chains to 0 SRLs
Phase 5 Shift Register Optimization | Checksum: e743d297

Time (s): cpu = 00:00:00.06 ; elapsed = 00:00:00.33 . Memory (MB): peak = 2868.141 ; gain = 0.004 ; free physical = 153 ; free virtual = 1124
INFO: [Opt 31-389] Phase Shift Register Optimization created 0 cells and removed 0 cells

Phase 6 Post Processing Netlist
Phase 6 Post Processing Netlist | Checksum: e743d297

Time (s): cpu = 00:00:00.06 ; elapsed = 00:00:00.33 . Memory (MB): peak = 2868.141 ; gain = 0.004 ; free physical = 153 ; free virtual = 1124
INFO: [Opt 31-389] Phase Post Processing Netlist created 0 cells and removed 0 cells
Opt_design Change Summary
=========================


-------------------------------------------------------------------------------------------------------------------------
|  Phase                        |  #Cells created  |  #Cells Removed  |  #Constrained objects preventing optimizations  |
-------------------------------------------------------------------------------------------------------------------------
|  Retarget                     |               0  |               0  |                                              0  |
|  Constant propagation         |               0  |               0  |                                              0  |
|  Sweep                        |               0  |               0  |                                              0  |
|  BUFG optimization            |               0  |               0  |                                              0  |
|  Shift Register Optimization  |               0  |               0  |                                              0  |
|  Post Processing Netlist      |               0  |               0  |                                              0  |
-------------------------------------------------------------------------------------------------------------------------



Starting Connectivity Check Task

Time (s): cpu = 00:00:00 ; elapsed = 00:00:00.01 . Memory (MB): peak = 2868.141 ; gain = 0.000 ; free physical = 149 ; free virtual = 1123
Ending Logic Optimization Task | Checksum: 1f72cb869

Time (s): cpu = 00:00:00.07 ; elapsed = 00:00:00.40 . Memory (MB): peak = 2868.141 ; gain = 0.004 ; free physical = 149 ; free virtual = 1124

Starting Power Optimization Task
INFO: [Pwropt 34-132] Skipping clock gating for clocks with a period < 2.00 ns.
Ending Power Optimization Task | Checksum: 1f72cb869

Time (s): cpu = 00:00:00.01 ; elapsed = 00:00:00.04 . Memory (MB): peak = 2868.141 ; gain = 0.000 ; free physical = 146 ; free virtual = 1122

Starting Final Cleanup Task
Ending Final Cleanup Task | Checksum: 1f72cb869

Time (s): cpu = 00:00:00 ; elapsed = 00:00:00 . Memory (MB): peak = 2868.141 ; gain = 0.000 ; free physical = 146 ; free virtual = 1122

Starting Netlist Obfuscation Task
Netlist sorting complete. Time (s): cpu = 00:00:00 ; elapsed = 00:00:00 . Memory (MB): peak = 2868.141 ; gain = 0.000 ; free physical = 145 ; free virtual = 1121
Ending Netlist Obfuscation Task | Checksum: 1f72cb869

Time (s): cpu = 00:00:00 ; elapsed = 00:00:00 . Memory (MB): peak = 2868.141 ; gain = 0.000 ; free physical = 145 ; free virtual = 1121
INFO: [Common 17-83] Releasing license: Implementation
17 Infos, 0 Warnings, 0 Critical Warnings and 0 Errors encountered.
opt_design completed successfully
opt_design: Time (s): cpu = 00:00:06 ; elapsed = 00:00:07 . Memory (MB): peak = 2868.141 ; gain = 298.445 ; free physical = 145 ; free virtual = 1121
INFO: [Common 17-600] The following parameters have non-default value.
general.maxThreads
# place_design
Command: place_design
Attempting to get a license for feature 'Implementation' and/or device 'xc7z020'
INFO: [Common 17-349] Got license for feature 'Implementation' and/or device 'xc7z020'
INFO: [Timing 38-35] Done setting XDC timing constraints.
INFO: [DRC 23-27] Running DRC with 4 threads
INFO: [Vivado_Tcl 4-198] DRC finished with 0 Errors
INFO: [Vivado_Tcl 4-199] Please refer to the DRC report (report_drc) for more information.
Running DRC as a precondition to command place_design
INFO: [DRC 23-27] Running DRC with 4 threads
INFO: [Vivado_Tcl 4-198] DRC finished with 0 Errors
INFO: [Vivado_Tcl 4-199] Please refer to the DRC report (report_drc) for more information.

Starting Placer Task
INFO: [Place 30-611] Multithreading enabled for place_design using a maximum of 4 CPUs

Phase 1 Placer Initialization

Phase 1.1 Placer Initialization Netlist Sorting
Netlist sorting complete. Time (s): cpu = 00:00:00 ; elapsed = 00:00:00.01 . Memory (MB): peak = 2967.594 ; gain = 0.000 ; free physical = 134 ; free virtual = 1058
Phase 1.1 Placer Initialization Netlist Sorting | Checksum: 122c0cfbe

Time (s): cpu = 00:00:00.01 ; elapsed = 00:00:00.40 . Memory (MB): peak = 2967.594 ; gain = 0.000 ; free physical = 133 ; free virtual = 1057
Netlist sorting complete. Time (s): cpu = 00:00:00 ; elapsed = 00:00:00 . Memory (MB): peak = 2967.594 ; gain = 0.000 ; free physical = 131 ; free virtual = 1062

Phase 1.2 IO Placement/ Clock Placement/ Build Placer Device
Phase 1.2 IO Placement/ Clock Placement/ Build Placer Device | Checksum: b7c5c10f

Time (s): cpu = 00:00:00.81 ; elapsed = 00:00:02 . Memory (MB): peak = 2967.594 ; gain = 0.000 ; free physical = 149 ; free virtual = 1087

Phase 1.3 Build Placer Netlist Model
Phase 1.3 Build Placer Netlist Model | Checksum: 140d14d82

Time (s): cpu = 00:00:00.94 ; elapsed = 00:00:03 . Memory (MB): peak = 2991.605 ; gain = 24.012 ; free physical = 145 ; free virtual = 1099

Phase 1.4 Constrain Clocks/Macros
Phase 1.4 Constrain Clocks/Macros | Checksum: 140d14d82

Time (s): cpu = 00:00:00.94 ; elapsed = 00:00:03 . Memory (MB): peak = 2991.605 ; gain = 24.012 ; free physical = 144 ; free virtual = 1098
Phase 1 Placer Initialization | Checksum: 140d14d82

Time (s): cpu = 00:00:00.95 ; elapsed = 00:00:03 . Memory (MB): peak = 2991.605 ; gain = 24.012 ; free physical = 139 ; free virtual = 1096

Phase 2 Global Placement

Phase 2.1 Floorplanning
Phase 2.1 Floorplanning | Checksum: bb61434b

Time (s): cpu = 00:00:01 ; elapsed = 00:00:03 . Memory (MB): peak = 2991.605 ; gain = 24.012 ; free physical = 132 ; free virtual = 1106

Phase 2.2 Update Timing before SLR Path Opt
Phase 2.2 Update Timing before SLR Path Opt | Checksum: 136c8459e

Time (s): cpu = 00:00:01 ; elapsed = 00:00:03 . Memory (MB): peak = 2991.605 ; gain = 24.012 ; free physical = 133 ; free virtual = 1105

Phase 2.3 Post-Processing in Floorplanning
Phase 2.3 Post-Processing in Floorplanning | Checksum: 136c8459e

Time (s): cpu = 00:00:01 ; elapsed = 00:00:03 . Memory (MB): peak = 2991.605 ; gain = 24.012 ; free physical = 134 ; free virtual = 1105

Phase 2.4 Global Placement Core

Phase 2.4.1 Physical Synthesis In Placer
INFO: [Physopt 32-1035] Found 0 LUTNM shape to break, 3 LUT instances to create LUTNM shape
INFO: [Physopt 32-1044] Break lutnm for timing: one critical 0, two critical 0, total 0, new lutff created 0
INFO: [Physopt 32-1138] End 1 Pass. Optimized 1 net or LUT. Breaked 0 LUT, combined 1 existing LUT and moved 0 existing LUT
INFO: [Physopt 32-65] No nets found for high-fanout optimization.
INFO: [Physopt 32-232] Optimized 0 net. Created 0 new instance.
INFO: [Physopt 32-775] End 1 Pass. Optimized 0 net or cell. Created 0 new cell, deleted 0 existing cell and moved 0 existing cell
INFO: [Physopt 32-670] No setup violation found.  DSP Register Optimization was not performed.
INFO: [Physopt 32-670] No setup violation found.  Shift Register to Pipeline Optimization was not performed.
INFO: [Physopt 32-670] No setup violation found.  Shift Register Optimization was not performed.
INFO: [Physopt 32-670] No setup violation found.  BRAM Register Optimization was not performed.
INFO: [Physopt 32-670] No setup violation found.  URAM Register Optimization was not performed.
INFO: [Physopt 32-949] No candidate nets found for dynamic/static region interface net replication
INFO: [Physopt 32-775] End 1 Pass. Optimized 0 net or cell. Created 0 new cell, deleted 0 existing cell and moved 0 existing cell
Netlist sorting complete. Time (s): cpu = 00:00:00 ; elapsed = 00:00:00 . Memory (MB): peak = 3015.613 ; gain = 0.000 ; free physical = 141 ; free virtual = 1090

Summary of Physical Synthesis Optimizations
============================================


-----------------------------------------------------------------------------------------------------------------------------------------------------------
|  Optimization                                     |  Added Cells  |  Removed Cells  |  Optimized Cells/Nets  |  Dont Touch  |  Iterations  |  Elapsed   |
-----------------------------------------------------------------------------------------------------------------------------------------------------------
|  LUT Combining                                    |            0  |              1  |                     1  |           0  |           1  |  00:00:00  |
|  Retime                                           |            0  |              0  |                     0  |           0  |           1  |  00:00:00  |
|  Very High Fanout                                 |            0  |              0  |                     0  |           0  |           1  |  00:00:00  |
|  DSP Register                                     |            0  |              0  |                     0  |           0  |           0  |  00:00:00  |
|  Shift Register to Pipeline                       |            0  |              0  |                     0  |           0  |           0  |  00:00:00  |
|  Shift Register                                   |            0  |              0  |                     0  |           0  |           0  |  00:00:00  |
|  BRAM Register                                    |            0  |              0  |                     0  |           0  |           0  |  00:00:00  |
|  URAM Register                                    |            0  |              0  |                     0  |           0  |           0  |  00:00:00  |
|  Dynamic/Static Region Interface Net Replication  |            0  |              0  |                     0  |           0  |           1  |  00:00:00  |
|  Total                                            |            0  |              1  |                     1  |           0  |           4  |  00:00:00  |
-----------------------------------------------------------------------------------------------------------------------------------------------------------


Phase 2.4.1 Physical Synthesis In Placer | Checksum: 1d748580e

Time (s): cpu = 00:00:03 ; elapsed = 00:00:07 . Memory (MB): peak = 3015.613 ; gain = 48.020 ; free physical = 133 ; free virtual = 1093
Phase 2.4 Global Placement Core | Checksum: 1a95fb06d

Time (s): cpu = 00:00:04 ; elapsed = 00:00:11 . Memory (MB): peak = 3015.613 ; gain = 48.020 ; free physical = 130 ; free virtual = 1066
Phase 2 Global Placement | Checksum: 1a95fb06d

Time (s): cpu = 00:00:04 ; elapsed = 00:00:11 . Memory (MB): peak = 3015.613 ; gain = 48.020 ; free physical = 129 ; free virtual = 1067

Phase 3 Detail Placement

Phase 3.1 Commit Multi Column Macros
Phase 3.1 Commit Multi Column Macros | Checksum: eeb6e8d4

Time (s): cpu = 00:00:04 ; elapsed = 00:00:11 . Memory (MB): peak = 3015.613 ; gain = 48.020 ; free physical = 144 ; free virtual = 1070

Phase 3.2 Commit Most Macros & LUTRAMs
Phase 3.2 Commit Most Macros & LUTRAMs | Checksum: 1947364d4

Time (s): cpu = 00:00:04 ; elapsed = 00:00:11 . Memory (MB): peak = 3015.613 ; gain = 48.020 ; free physical = 146 ; free virtual = 1065

Phase 3.3 Area Swap Optimization
Phase 3.3 Area Swap Optimization | Checksum: 2882a8a06

Time (s): cpu = 00:00:04 ; elapsed = 00:00:12 . Memory (MB): peak = 3015.613 ; gain = 48.020 ; free physical = 143 ; free virtual = 1059

Phase 3.4 Pipeline Register Optimization
Phase 3.4 Pipeline Register Optimization | Checksum: 2882a8a06

Time (s): cpu = 00:00:04 ; elapsed = 00:00:12 . Memory (MB): peak = 3015.613 ; gain = 48.020 ; free physical = 143 ; free virtual = 1060

Phase 3.5 Small Shape Detail Placement
Phase 3.5 Small Shape Detail Placement | Checksum: 1eb0d181a

Time (s): cpu = 00:00:05 ; elapsed = 00:00:13 . Memory (MB): peak = 3015.613 ; gain = 48.020 ; free physical = 132 ; free virtual = 1030

Phase 3.6 Re-assign LUT pins
Phase 3.6 Re-assign LUT pins | Checksum: 1dfb7199e

Time (s): cpu = 00:00:05 ; elapsed = 00:00:13 . Memory (MB): peak = 3015.613 ; gain = 48.020 ; free physical = 132 ; free virtual = 1032

Phase 3.7 Pipeline Register Optimization
Phase 3.7 Pipeline Register Optimization | Checksum: 1dfb7199e

Time (s): cpu = 00:00:05 ; elapsed = 00:00:13 . Memory (MB): peak = 3015.613 ; gain = 48.020 ; free physical = 136 ; free virtual = 1038
Phase 3 Detail Placement | Checksum: 1dfb7199e

Time (s): cpu = 00:00:05 ; elapsed = 00:00:13 . Memory (MB): peak = 3015.613 ; gain = 48.020 ; free physical = 148 ; free virtual = 1052

Phase 4 Post Placement Optimization and Clean-Up

Phase 4.1 Post Commit Optimization
INFO: [Timing 38-35] Done setting XDC timing constraints.

Phase 4.1.1 Post Placement Optimization
Post Placement Optimization Initialization | Checksum: 285de0501

Phase 4.1.1.1 BUFG Insertion

Starting Physical Synthesis Task

Phase 1 Physical Synthesis Initialization
INFO: [Physopt 32-721] Multithreading enabled for phys_opt_design using a maximum of 4 CPUs
INFO: [Physopt 32-619] Estimated Timing Summary | WNS=3.446 | TNS=0.000 |
Phase 1 Physical Synthesis Initialization | Checksum: 278e54627

Time (s): cpu = 00:00:00.02 ; elapsed = 00:00:00.27 . Memory (MB): peak = 3015.613 ; gain = 0.000 ; free physical = 132 ; free virtual = 1040
INFO: [Place 46-56] BUFG insertion identified 0 candidate nets. Inserted BUFG: 0, Replicated BUFG Driver: 0, Skipped due to Placement/Routing Conflicts: 0, Skipped due to Timing Degradation: 0, Skipped due to Illegal Netlist: 0.
Ending Physical Synthesis Task | Checksum: 2a627863b

Time (s): cpu = 00:00:00.02 ; elapsed = 00:00:00.32 . Memory (MB): peak = 3015.613 ; gain = 0.000 ; free physical = 132 ; free virtual = 1039
Phase 4.1.1.1 BUFG Insertion | Checksum: 285de0501

Time (s): cpu = 00:00:05 ; elapsed = 00:00:14 . Memory (MB): peak = 3015.613 ; gain = 48.020 ; free physical = 131 ; free virtual = 1038

Phase 4.1.1.2 Post Placement Timing Optimization
INFO: [Place 30-746] Post Placement Timing Summary WNS=3.446. For the most accurate timing information please run report_timing.
Phase 4.1.1.2 Post Placement Timing Optimization | Checksum: 25d79ec43

Time (s): cpu = 00:00:05 ; elapsed = 00:00:14 . Memory (MB): peak = 3015.613 ; gain = 48.020 ; free physical = 139 ; free virtual = 1046

Time (s): cpu = 00:00:05 ; elapsed = 00:00:14 . Memory (MB): peak = 3015.613 ; gain = 48.020 ; free physical = 139 ; free virtual = 1046
Phase 4.1 Post Commit Optimization | Checksum: 25d79ec43

Time (s): cpu = 00:00:05 ; elapsed = 00:00:14 . Memory (MB): peak = 3015.613 ; gain = 48.020 ; free physical = 139 ; free virtual = 1046

Phase 4.2 Post Placement Cleanup
Phase 4.2 Post Placement Cleanup | Checksum: 25d79ec43

Time (s): cpu = 00:00:05 ; elapsed = 00:00:15 . Memory (MB): peak = 3015.613 ; gain = 48.020 ; free physical = 130 ; free virtual = 1046

Phase 4.3 Placer Reporting

Phase 4.3.1 Print Estimated Congestion
INFO: [Place 30-612] Post-Placement Estimated Congestion 
 ____________________________________________________
|           | Global Congestion | Short Congestion  |
| Direction | Region Size       | Region Size       |
|___________|___________________|___________________|
|      North|                1x1|                1x1|
|___________|___________________|___________________|
|      South|                1x1|                1x1|
|___________|___________________|___________________|
|       East|                1x1|                1x1|
|___________|___________________|___________________|
|       West|                1x1|                1x1|
|___________|___________________|___________________|

Phase 4.3.1 Print Estimated Congestion | Checksum: 25d79ec43

Time (s): cpu = 00:00:05 ; elapsed = 00:00:15 . Memory (MB): peak = 3015.613 ; gain = 48.020 ; free physical = 130 ; free virtual = 1046
Phase 4.3 Placer Reporting | Checksum: 25d79ec43

Time (s): cpu = 00:00:05 ; elapsed = 00:00:15 . Memory (MB): peak = 3015.613 ; gain = 48.020 ; free physical = 130 ; free virtual = 1046

Phase 4.4 Final Placement Cleanup
Netlist sorting complete. Time (s): cpu = 00:00:00 ; elapsed = 00:00:00.01 . Memory (MB): peak = 3015.613 ; gain = 0.000 ; free physical = 130 ; free virtual = 1046

Time (s): cpu = 00:00:05 ; elapsed = 00:00:15 . Memory (MB): peak = 3015.613 ; gain = 48.020 ; free physical = 130 ; free virtual = 1046
Phase 4 Post Placement Optimization and Clean-Up | Checksum: 217816ae0

Time (s): cpu = 00:00:05 ; elapsed = 00:00:15 . Memory (MB): peak = 3015.613 ; gain = 48.020 ; free physical = 129 ; free virtual = 1045
Ending Placer Task | Checksum: 18bc31c2d

Time (s): cpu = 00:00:05 ; elapsed = 00:00:15 . Memory (MB): peak = 3015.613 ; gain = 48.020 ; free physical = 130 ; free virtual = 1046
INFO: [Common 17-83] Releasing license: Implementation
29 Infos, 0 Warnings, 0 Critical Warnings and 0 Errors encountered.
place_design completed successfully
place_design: Time (s): cpu = 00:00:07 ; elapsed = 00:00:18 . Memory (MB): peak = 3015.613 ; gain = 147.473 ; free physical = 129 ; free virtual = 1071
INFO: [Common 17-600] The following parameters have non-default value.
general.maxThreads
# write_checkpoint -force ${TOP}_placed.dcp
INFO: [Timing 38-480] Writing timing data to binary archive.
Writing placer database...
Writing XDEF routing.
Writing XDEF routing logical nets.
Writing XDEF routing special nets.
Write XDEF Complete: Time (s): cpu = 00:00:00.11 ; elapsed = 00:00:00.29 . Memory (MB): peak = 3015.613 ; gain = 0.000 ; free physical = 132 ; free virtual = 1055
INFO: [Common 17-1381] The checkpoint '/home/cc/eecs151/fa22/class/eecs151-afk/fpga_labs_fa22/lab2/build/impl/z1top_placed.dcp' has been generated.
# report_utilization -file post_place_utilization.rpt
# phys_opt_design
Command: phys_opt_design
Attempting to get a license for feature 'Implementation' and/or device 'xc7z020'
INFO: [Common 17-349] Got license for feature 'Implementation' and/or device 'xc7z020'
INFO: [Vivado_Tcl 4-383] Design worst setup slack (WNS) is greater than or equal to 0.000 ns. Skipping all physical synthesis optimizations.
INFO: [Vivado_Tcl 4-232] No setup violation found. The netlist was not modified.
INFO: [Common 17-83] Releasing license: Implementation
4 Infos, 0 Warnings, 0 Critical Warnings and 0 Errors encountered.
phys_opt_design completed successfully
INFO: [Common 17-600] The following parameters have non-default value.
general.maxThreads
# route_design
Command: route_design
Attempting to get a license for feature 'Implementation' and/or device 'xc7z020'
INFO: [Common 17-349] Got license for feature 'Implementation' and/or device 'xc7z020'
Running DRC as a precondition to command route_design
INFO: [DRC 23-27] Running DRC with 4 threads
INFO: [Vivado_Tcl 4-198] DRC finished with 0 Errors
INFO: [Vivado_Tcl 4-199] Please refer to the DRC report (report_drc) for more information.


Starting Routing Task
INFO: [Route 35-254] Multithreading enabled for route_design using a maximum of 4 CPUs
Checksum: PlaceDB: e164a785 ConstDB: 0 ShapeSum: aa5e74a8 RouteDB: 0

Phase 1 Build RT Design
Phase 1 Build RT Design | Checksum: 193fd6644

Time (s): cpu = 00:00:33 ; elapsed = 00:00:35 . Memory (MB): peak = 3066.297 ; gain = 50.684 ; free physical = 142 ; free virtual = 1136
Post Restoration Checksum: NetGraph: a5f3c52f NumContArr: ee09a115 Constraints: 0 Timing: 0

Phase 2 Router Initialization

Phase 2.1 Create Timer
Phase 2.1 Create Timer | Checksum: 193fd6644

Time (s): cpu = 00:00:33 ; elapsed = 00:00:35 . Memory (MB): peak = 3066.297 ; gain = 50.684 ; free physical = 146 ; free virtual = 1157

Phase 2.2 Fix Topology Constraints
Phase 2.2 Fix Topology Constraints | Checksum: 193fd6644

Time (s): cpu = 00:00:33 ; elapsed = 00:00:35 . Memory (MB): peak = 3074.293 ; gain = 58.680 ; free physical = 129 ; free virtual = 1142

Phase 2.3 Pre Route Cleanup
Phase 2.3 Pre Route Cleanup | Checksum: 193fd6644

Time (s): cpu = 00:00:33 ; elapsed = 00:00:35 . Memory (MB): peak = 3074.293 ; gain = 58.680 ; free physical = 131 ; free virtual = 1142
 Number of Nodes with overlaps = 0

Phase 2.4 Update Timing
Phase 2.4 Update Timing | Checksum: ea40dd77

Time (s): cpu = 00:00:34 ; elapsed = 00:00:37 . Memory (MB): peak = 3097.176 ; gain = 81.562 ; free physical = 157 ; free virtual = 1138
INFO: [Route 35-416] Intermediate Timing Summary | WNS=3.491  | TNS=0.000  | WHS=-0.054 | THS=-0.336 |

Phase 2 Router Initialization | Checksum: 1a982bd29

Time (s): cpu = 00:00:34 ; elapsed = 00:00:37 . Memory (MB): peak = 3097.176 ; gain = 81.562 ; free physical = 148 ; free virtual = 1132

Router Utilization Summary
  Global Vertical Routing Utilization    = 0 %
  Global Horizontal Routing Utilization  = 0 %
  Routable Net Status*
  *Does not include unroutable nets such as driverless and loadless.
  Run report_route_status for detailed report.
  Number of Failed Nets               = 49
    (Failed Nets is the sum of unrouted and partially routed nets)
  Number of Unrouted Nets             = 49
  Number of Partially Routed Nets     = 0
  Number of Node Overlaps             = 0


Phase 3 Initial Routing

Phase 3.1 Global Routing
Phase 3.1 Global Routing | Checksum: 1a982bd29

Time (s): cpu = 00:00:34 ; elapsed = 00:00:37 . Memory (MB): peak = 3097.176 ; gain = 81.562 ; free physical = 150 ; free virtual = 1133
Phase 3 Initial Routing | Checksum: 29fd6eddd

Time (s): cpu = 00:00:35 ; elapsed = 00:00:37 . Memory (MB): peak = 3097.176 ; gain = 81.562 ; free physical = 149 ; free virtual = 1134

Phase 4 Rip-up And Reroute

Phase 4.1 Global Iteration 0
 Number of Nodes with overlaps = 1
 Number of Nodes with overlaps = 0
INFO: [Route 35-416] Intermediate Timing Summary | WNS=3.292  | TNS=0.000  | WHS=N/A    | THS=N/A    |

Phase 4.1 Global Iteration 0 | Checksum: fdefe1ab

Time (s): cpu = 00:00:35 ; elapsed = 00:00:38 . Memory (MB): peak = 3097.176 ; gain = 81.562 ; free physical = 155 ; free virtual = 1134
Phase 4 Rip-up And Reroute | Checksum: fdefe1ab

Time (s): cpu = 00:00:35 ; elapsed = 00:00:38 . Memory (MB): peak = 3097.176 ; gain = 81.562 ; free physical = 155 ; free virtual = 1134

Phase 5 Delay and Skew Optimization

Phase 5.1 Delay CleanUp

Phase 5.1.1 Update Timing
Phase 5.1.1 Update Timing | Checksum: 1828665aa

Time (s): cpu = 00:00:35 ; elapsed = 00:00:38 . Memory (MB): peak = 3097.176 ; gain = 81.562 ; free physical = 157 ; free virtual = 1136
INFO: [Route 35-416] Intermediate Timing Summary | WNS=3.332  | TNS=0.000  | WHS=N/A    | THS=N/A    |

Phase 5.1 Delay CleanUp | Checksum: 1828665aa

Time (s): cpu = 00:00:35 ; elapsed = 00:00:38 . Memory (MB): peak = 3097.176 ; gain = 81.562 ; free physical = 157 ; free virtual = 1136

Phase 5.2 Clock Skew Optimization
Phase 5.2 Clock Skew Optimization | Checksum: 1828665aa

Time (s): cpu = 00:00:35 ; elapsed = 00:00:38 . Memory (MB): peak = 3097.176 ; gain = 81.562 ; free physical = 156 ; free virtual = 1136
Phase 5 Delay and Skew Optimization | Checksum: 1828665aa

Time (s): cpu = 00:00:35 ; elapsed = 00:00:38 . Memory (MB): peak = 3097.176 ; gain = 81.562 ; free physical = 155 ; free virtual = 1136

Phase 6 Post Hold Fix

Phase 6.1 Hold Fix Iter

Phase 6.1.1 Update Timing
Phase 6.1.1 Update Timing | Checksum: 1778ffa57

Time (s): cpu = 00:00:35 ; elapsed = 00:00:38 . Memory (MB): peak = 3097.176 ; gain = 81.562 ; free physical = 155 ; free virtual = 1136
INFO: [Route 35-416] Intermediate Timing Summary | WNS=3.332  | TNS=0.000  | WHS=0.052  | THS=0.000  |

Phase 6.1 Hold Fix Iter | Checksum: 1a8f9f6b9

Time (s): cpu = 00:00:35 ; elapsed = 00:00:38 . Memory (MB): peak = 3097.176 ; gain = 81.562 ; free physical = 155 ; free virtual = 1136
Phase 6 Post Hold Fix | Checksum: 1a8f9f6b9

Time (s): cpu = 00:00:35 ; elapsed = 00:00:38 . Memory (MB): peak = 3097.176 ; gain = 81.562 ; free physical = 155 ; free virtual = 1136

Phase 7 Route finalize

Router Utilization Summary
  Global Vertical Routing Utilization    = 0.00740396 %
  Global Horizontal Routing Utilization  = 0.0030426 %
  Routable Net Status*
  *Does not include unroutable nets such as driverless and loadless.
  Run report_route_status for detailed report.
  Number of Failed Nets               = 0
    (Failed Nets is the sum of unrouted and partially routed nets)
  Number of Unrouted Nets             = 0
  Number of Partially Routed Nets     = 0
  Number of Node Overlaps             = 0

Phase 7 Route finalize | Checksum: 1aa3a1276

Time (s): cpu = 00:00:35 ; elapsed = 00:00:38 . Memory (MB): peak = 3097.176 ; gain = 81.562 ; free physical = 154 ; free virtual = 1135

Phase 8 Verifying routed nets

 Verification completed successfully
Phase 8 Verifying routed nets | Checksum: 1aa3a1276

Time (s): cpu = 00:00:35 ; elapsed = 00:00:38 . Memory (MB): peak = 3097.176 ; gain = 81.562 ; free physical = 154 ; free virtual = 1136

Phase 9 Depositing Routes
Phase 9 Depositing Routes | Checksum: 1eeec8707

Time (s): cpu = 00:00:35 ; elapsed = 00:00:38 . Memory (MB): peak = 3097.176 ; gain = 81.562 ; free physical = 153 ; free virtual = 1138

Phase 10 Post Router Timing
INFO: [Route 35-57] Estimated Timing Summary | WNS=3.332  | TNS=0.000  | WHS=0.052  | THS=0.000  |

INFO: [Route 35-327] The final timing numbers are based on the router estimated timing analysis. For a complete and accurate timing signoff, please run report_timing_summary.
Phase 10 Post Router Timing | Checksum: 1eeec8707

Time (s): cpu = 00:00:35 ; elapsed = 00:00:38 . Memory (MB): peak = 3097.176 ; gain = 81.562 ; free physical = 147 ; free virtual = 1137
INFO: [Route 35-16] Router Completed Successfully

Time (s): cpu = 00:00:35 ; elapsed = 00:00:38 . Memory (MB): peak = 3097.176 ; gain = 81.562 ; free physical = 168 ; free virtual = 1156

Routing Is Done.
INFO: [Common 17-83] Releasing license: Implementation
13 Infos, 0 Warnings, 0 Critical Warnings and 0 Errors encountered.
route_design completed successfully
route_design: Time (s): cpu = 00:00:37 ; elapsed = 00:00:41 . Memory (MB): peak = 3097.176 ; gain = 81.562 ; free physical = 155 ; free virtual = 1156
INFO: [Common 17-600] The following parameters have non-default value.
general.maxThreads
# write_checkpoint -force ${TOP}_routed.dcp
INFO: [Timing 38-480] Writing timing data to binary archive.
Writing placer database...
Writing XDEF routing.
Writing XDEF routing logical nets.
Writing XDEF routing special nets.
Write XDEF Complete: Time (s): cpu = 00:00:00.09 ; elapsed = 00:00:00.17 . Memory (MB): peak = 3108.148 ; gain = 2.973 ; free physical = 136 ; free virtual = 1146
INFO: [Common 17-1381] The checkpoint '/home/cc/eecs151/fa22/class/eecs151-afk/fpga_labs_fa22/lab2/build/impl/z1top_routed.dcp' has been generated.
# write_verilog -force post_route.v
# write_xdc -force post_route.xdc
# report_drc -file post_route_drc.rpt
Command: report_drc -file post_route_drc.rpt
INFO: [IP_Flow 19-234] Refreshing IP repositories
INFO: [IP_Flow 19-1704] No user IP repositories specified
INFO: [IP_Flow 19-2313] Loaded Vivado IP repository '/share/instsww/xilinx/Vivado/2021.1/data/ip'.
INFO: [DRC 23-27] Running DRC with 4 threads
INFO: [Vivado_Tcl 2-168] The results of DRC are in file /home/cc/eecs151/fa22/class/eecs151-afk/fpga_labs_fa22/lab2/build/impl/post_route_drc.rpt.
report_drc completed successfully
report_drc: Time (s): cpu = 00:00:03 ; elapsed = 00:00:06 . Memory (MB): peak = 3140.805 ; gain = 32.656 ; free physical = 166 ; free virtual = 1153
# report_timing_summary -warn_on_violation -file post_route_timing_summary.rpt
INFO: [Timing 38-91] UpdateTimingParams: Speed grade: -1, Delay Type: min_max.
INFO: [Timing 38-191] Multithreading enabled for timing update using a maximum of 4 CPUs
# write_bitstream -force ${TOP}.bit
Command: write_bitstream -force z1top.bit
Attempting to get a license for feature 'Implementation' and/or device 'xc7z020'
INFO: [Common 17-349] Got license for feature 'Implementation' and/or device 'xc7z020'
Running DRC as a precondition to command write_bitstream
INFO: [IP_Flow 19-1839] IP Catalog is up to date.
INFO: [DRC 23-27] Running DRC with 4 threads
WARNING: [DRC ZPS7-1] PS7 block required: The PS7 cell must be used in this Zynq design in order to enable correct default configuration.
INFO: [Vivado 12-3199] DRC finished with 0 Errors, 1 Warnings
INFO: [Vivado 12-3200] Please refer to the DRC report (report_drc) for more information.
INFO: [Designutils 20-2272] Running write_bitstream with 4 threads.
Loading data files...
Loading site data...
Loading route data...
Processing options...
Creating bitmap...
Creating bitstream...
Writing bitstream ./z1top.bit...
INFO: [Vivado 12-1842] Bitgen Completed Successfully.
INFO: [#UNDEF] WebTalk data collection is mandatory when using a WebPACK part without a full Vivado license. To see the specific WebTalk data collected for your design, open the usage_statistics_webtalk.html or usage_statistics_webtalk.xml file in the implementation directory.
INFO: [Common 17-186] '/home/cc/eecs151/fa22/class/eecs151-afk/fpga_labs_fa22/lab2/build/impl/usage_statistics_webtalk.xml' has been successfully sent to Xilinx on Mon Sep 12 21:27:43 2022. For additional details about this file, please refer to the WebTalk help file at /share/instsww/xilinx/Vivado/2021.1/doc/webtalk_introduction.html.
INFO: [Common 17-83] Releasing license: Implementation
10 Infos, 1 Warnings, 0 Critical Warnings and 0 Errors encountered.
write_bitstream completed successfully
write_bitstream: Time (s): cpu = 00:00:19 ; elapsed = 00:02:04 . Memory (MB): peak = 3471.547 ; gain = 330.742 ; free physical = 2085 ; free virtual = 3320
INFO: [Common 17-206] Exiting Vivado at Mon Sep 12 21:27:44 2022...
