Copyright 1986-2021 Xilinx, Inc. All Rights Reserved.
----------------------------------------------------------------------------------------------
| Tool Version : Vivado v.2021.1 (lin64) Build 3247384 Thu Jun 10 19:36:07 MDT 2021
| Date         : Mon Sep 12 21:25:39 2022
| Host         : c111-2.eecs.berkeley.edu running 64-bit CentOS Linux release 7.9.2009 (Core)
| Command      : report_timing_summary -warn_on_violation -file post_route_timing_summary.rpt
| Design       : z1top
| Device       : 7z020-clg400
| Speed File   : -1  PRODUCTION 1.12 2019-11-22
----------------------------------------------------------------------------------------------

Timing Summary Report

------------------------------------------------------------------------------------------------
| Timer Settings
| --------------
------------------------------------------------------------------------------------------------

  Enable Multi Corner Analysis               :  Yes
  Enable Pessimism Removal                   :  Yes
  Pessimism Removal Resolution               :  Nearest Common Node
  Enable Input Delay Default Clock           :  No
  Enable Preset / Clear Arcs                 :  No
  Disable Flight Delays                      :  No
  Ignore I/O Paths                           :  No
  Timing Early Launch at Borrowing Latches   :  No
  Borrow Time for Max Delay Exceptions       :  Yes
  Merge Timing Exceptions                    :  Yes

  Corner  Analyze    Analyze    
  Name    Max Paths  Min Paths  
  ------  ---------  ---------  
  Slow    Yes        Yes        
  Fast    Yes        Yes        


------------------------------------------------------------------------------------------------
| Report Methodology
| ------------------
------------------------------------------------------------------------------------------------

No report available as report_methodology has not been run prior. Run report_methodology on the current design for the summary of methodology violations.



check_timing report

Table of Contents
-----------------
1. checking no_clock (0)
2. checking constant_clock (0)
3. checking pulse_width_clock (0)
4. checking unconstrained_internal_endpoints (0)
5. checking no_input_delay (1)
6. checking no_output_delay (4)
7. checking multiple_clock (0)
8. checking generated_clocks (0)
9. checking loops (0)
10. checking partial_input_delay (0)
11. checking partial_output_delay (0)
12. checking latch_loops (0)

1. checking no_clock (0)
------------------------
 There are 0 register/latch pins with no clock.


2. checking constant_clock (0)
------------------------------
 There are 0 register/latch pins with constant_clock.


3. checking pulse_width_clock (0)
---------------------------------
 There are 0 register/latch pins which need pulse_width check


4. checking unconstrained_internal_endpoints (0)
------------------------------------------------
 There are 0 pins that are not constrained for maximum delay.

 There are 0 pins that are not constrained for maximum delay due to constant clock.


5. checking no_input_delay (1)
------------------------------
 There is 1 input port with no input delay specified. (HIGH)

 There are 0 input ports with no input delay but user has a false path constraint.


6. checking no_output_delay (4)
-------------------------------
 There are 4 ports with no output delay specified. (HIGH)

 There are 0 ports with no output delay but user has a false path constraint

 There are 0 ports with no output delay but with a timing clock defined on it or propagating through it


7. checking multiple_clock (0)
------------------------------
 There are 0 register/latch pins with multiple clocks.


8. checking generated_clocks (0)
--------------------------------
 There are 0 generated clocks that are not connected to a clock source.


9. checking loops (0)
---------------------
 There are 0 combinational loops in the design.


10. checking partial_input_delay (0)
------------------------------------
 There are 0 input ports with partial input delay specified.


11. checking partial_output_delay (0)
-------------------------------------
 There are 0 ports with partial output delay specified.


12. checking latch_loops (0)
----------------------------
 There are 0 combinational latch loops in the design through latch input



------------------------------------------------------------------------------------------------
| Design Timing Summary
| ---------------------
------------------------------------------------------------------------------------------------

    WNS(ns)      TNS(ns)  TNS Failing Endpoints  TNS Total Endpoints      WHS(ns)      THS(ns)  THS Failing Endpoints  THS Total Endpoints     WPWS(ns)     TPWS(ns)  TPWS Failing Endpoints  TPWS Total Endpoints  
    -------      -------  ---------------------  -------------------      -------      -------  ---------------------  -------------------     --------     --------  ----------------------  --------------------  
      3.332        0.000                      0                   65        0.052        0.000                      0                   65        3.500        0.000                       0                    32  


All user specified timing constraints are met.


------------------------------------------------------------------------------------------------
| Clock Summary
| -------------
------------------------------------------------------------------------------------------------

Clock            Waveform(ns)         Period(ns)      Frequency(MHz)
-----            ------------         ----------      --------------
clk_125mhz_fpga  {0.000 4.000}        8.000           125.000         


------------------------------------------------------------------------------------------------
| Intra Clock Table
| -----------------
------------------------------------------------------------------------------------------------

Clock                WNS(ns)      TNS(ns)  TNS Failing Endpoints  TNS Total Endpoints      WHS(ns)      THS(ns)  THS Failing Endpoints  THS Total Endpoints     WPWS(ns)     TPWS(ns)  TPWS Failing Endpoints  TPWS Total Endpoints  
-----                -------      -------  ---------------------  -------------------      -------      -------  ---------------------  -------------------     --------     --------  ----------------------  --------------------  
clk_125mhz_fpga        3.332        0.000                      0                   65        0.052        0.000                      0                   65        3.500        0.000                       0                    32  


------------------------------------------------------------------------------------------------
| Inter Clock Table
| -----------------
------------------------------------------------------------------------------------------------

From Clock    To Clock          WNS(ns)      TNS(ns)  TNS Failing Endpoints  TNS Total Endpoints      WHS(ns)      THS(ns)  THS Failing Endpoints  THS Total Endpoints  
----------    --------          -------      -------  ---------------------  -------------------      -------      -------  ---------------------  -------------------  


------------------------------------------------------------------------------------------------
| Other Path Groups Table
| -----------------------
------------------------------------------------------------------------------------------------

Path Group    From Clock    To Clock          WNS(ns)      TNS(ns)  TNS Failing Endpoints  TNS Total Endpoints      WHS(ns)      THS(ns)  THS Failing Endpoints  THS Total Endpoints  
----------    ----------    --------          -------      -------  ---------------------  -------------------      -------      -------  ---------------------  -------------------  


------------------------------------------------------------------------------------------------
| Timing Details
| --------------
------------------------------------------------------------------------------------------------


---------------------------------------------------------------------------------------------------
From Clock:  clk_125mhz_fpga
  To Clock:  clk_125mhz_fpga

Setup :            0  Failing Endpoints,  Worst Slack        3.332ns,  Total Violation        0.000ns
Hold  :            0  Failing Endpoints,  Worst Slack        0.052ns,  Total Violation        0.000ns
PW    :            0  Failing Endpoints,  Worst Slack        3.500ns,  Total Violation        0.000ns
---------------------------------------------------------------------------------------------------


Max Delay Paths
--------------------------------------------------------------------------------------
Slack (MET) :             3.332ns  (required time - arrival time)
  Source:                 ctr/numCycles_reg[26]/C
                            (rising edge-triggered cell FDRE clocked by clk_125mhz_fpga  {rise@0.000ns fall@4.000ns period=8.000ns})
  Destination:            ctr/led_cnt_value_reg[0]/R
                            (rising edge-triggered cell FDRE clocked by clk_125mhz_fpga  {rise@0.000ns fall@4.000ns period=8.000ns})
  Path Group:             clk_125mhz_fpga
  Path Type:              Setup (Max at Slow Process Corner)
  Requirement:            8.000ns  (clk_125mhz_fpga rise@8.000ns - clk_125mhz_fpga rise@0.000ns)
  Data Path Delay:        3.750ns  (logic 0.828ns (22.080%)  route 2.922ns (77.920%))
  Logic Levels:           3  (LUT5=1 LUT6=2)
  Clock Path Skew:        -0.358ns (DCD - SCD + CPR)
    Destination Clock Delay (DCD):    5.450ns = ( 13.450 - 8.000 ) 
    Source Clock Delay      (SCD):    6.132ns
    Clock Pessimism Removal (CPR):    0.323ns
  Clock Uncertainty:      0.035ns  ((TSJ^2 + TIJ^2)^1/2 + DJ) / 2 + PE
    Total System Jitter     (TSJ):    0.071ns
    Total Input Jitter      (TIJ):    0.000ns
    Discrete Jitter          (DJ):    0.000ns
    Phase Error              (PE):    0.000ns

    Location             Delay type                Incr(ns)  Path(ns)    Netlist Resource(s)
  -------------------------------------------------------------------    -------------------
                         (clock clk_125mhz_fpga rise edge)
                                                      0.000     0.000 r  
    H16                                               0.000     0.000 r  CLK_125MHZ_FPGA (IN)
                         net (fo=0)                   0.000     0.000    CLK_125MHZ_FPGA
    H16                  IBUF (Prop_ibuf_I_O)         1.451     1.451 r  CLK_125MHZ_FPGA_IBUF_inst/O
                         net (fo=1, routed)           2.522     3.973    CLK_125MHZ_FPGA_IBUF
    BUFGCTRL_X0Y16       BUFG (Prop_bufg_I_O)         0.101     4.074 r  CLK_125MHZ_FPGA_IBUF_BUFG_inst/O
                         net (fo=31, routed)          2.058     6.132    ctr/CLK_125MHZ_FPGA_IBUF_BUFG
    SLICE_X111Y100       FDRE                                         r  ctr/numCycles_reg[26]/C
  -------------------------------------------------------------------    -------------------
    SLICE_X111Y100       FDRE (Prop_fdre_C_Q)         0.456     6.588 r  ctr/numCycles_reg[26]/Q
                         net (fo=2, routed)           0.876     7.464    ctr/numCycles[26]
    SLICE_X110Y99        LUT6 (Prop_lut6_I1_O)        0.124     7.588 f  ctr/numCycles[0]_i_8/O
                         net (fo=1, routed)           0.800     8.388    ctr/numCycles[0]_i_8_n_0
    SLICE_X110Y97        LUT6 (Prop_lut6_I5_O)        0.124     8.512 f  ctr/numCycles[0]_i_2/O
                         net (fo=4, routed)           0.670     9.181    ctr/numCycles[0]_i_2_n_0
    SLICE_X112Y96        LUT5 (Prop_lut5_I4_O)        0.124     9.305 r  ctr/led_cnt_value[3]_i_1/O
                         net (fo=4, routed)           0.577     9.882    ctr/led_cnt_value[3]_i_1_n_0
    SLICE_X112Y96        FDRE                                         r  ctr/led_cnt_value_reg[0]/R
  -------------------------------------------------------------------    -------------------

                         (clock clk_125mhz_fpga rise edge)
                                                      8.000     8.000 r  
    H16                                               0.000     8.000 r  CLK_125MHZ_FPGA (IN)
                         net (fo=0)                   0.000     8.000    CLK_125MHZ_FPGA
    H16                  IBUF (Prop_ibuf_I_O)         1.380     9.380 r  CLK_125MHZ_FPGA_IBUF_inst/O
                         net (fo=1, routed)           2.293    11.673    CLK_125MHZ_FPGA_IBUF
    BUFGCTRL_X0Y16       BUFG (Prop_bufg_I_O)         0.091    11.764 r  CLK_125MHZ_FPGA_IBUF_BUFG_inst/O
                         net (fo=31, routed)          1.686    13.450    ctr/CLK_125MHZ_FPGA_IBUF_BUFG
    SLICE_X112Y96        FDRE                                         r  ctr/led_cnt_value_reg[0]/C
                         clock pessimism              0.323    13.773    
                         clock uncertainty           -0.035    13.738    
    SLICE_X112Y96        FDRE (Setup_fdre_C_R)       -0.524    13.214    ctr/led_cnt_value_reg[0]
  -------------------------------------------------------------------
                         required time                         13.214    
                         arrival time                          -9.882    
  -------------------------------------------------------------------
                         slack                                  3.332    





Min Delay Paths
--------------------------------------------------------------------------------------
Slack (MET) :             0.052ns  (arrival time - required time)
  Source:                 ctr/numCycles_reg[21]/C
                            (rising edge-triggered cell FDRE clocked by clk_125mhz_fpga  {rise@0.000ns fall@4.000ns period=8.000ns})
  Destination:            ctr/numCycles_reg[25]/D
                            (rising edge-triggered cell FDRE clocked by clk_125mhz_fpga  {rise@0.000ns fall@4.000ns period=8.000ns})
  Path Group:             clk_125mhz_fpga
  Path Type:              Hold (Min at Fast Process Corner)
  Requirement:            0.000ns  (clk_125mhz_fpga rise@0.000ns - clk_125mhz_fpga rise@0.000ns)
  Data Path Delay:        0.510ns  (logic 0.392ns (76.863%)  route 0.118ns (23.137%))
  Logic Levels:           2  (CARRY4=2)
  Clock Path Skew:        0.353ns (DCD - SCD - CPR)
    Destination Clock Delay (DCD):    2.337ns
    Source Clock Delay      (SCD):    1.723ns
    Clock Pessimism Removal (CPR):    0.261ns

    Location             Delay type                Incr(ns)  Path(ns)    Netlist Resource(s)
  -------------------------------------------------------------------    -------------------
                         (clock clk_125mhz_fpga rise edge)
                                                      0.000     0.000 r  
    H16                                               0.000     0.000 r  CLK_125MHZ_FPGA (IN)
                         net (fo=0)                   0.000     0.000    CLK_125MHZ_FPGA
    H16                  IBUF (Prop_ibuf_I_O)         0.219     0.219 r  CLK_125MHZ_FPGA_IBUF_inst/O
                         net (fo=1, routed)           0.842     1.060    CLK_125MHZ_FPGA_IBUF
    BUFGCTRL_X0Y16       BUFG (Prop_bufg_I_O)         0.026     1.086 r  CLK_125MHZ_FPGA_IBUF_BUFG_inst/O
                         net (fo=31, routed)          0.637     1.723    ctr/CLK_125MHZ_FPGA_IBUF_BUFG
    SLICE_X111Y99        FDRE                                         r  ctr/numCycles_reg[21]/C
  -------------------------------------------------------------------    -------------------
    SLICE_X111Y99        FDRE (Prop_fdre_C_Q)         0.141     1.864 r  ctr/numCycles_reg[21]/Q
                         net (fo=2, routed)           0.117     1.981    ctr/numCycles[21]
    SLICE_X111Y99        CARRY4 (Prop_carry4_S[0]_CO[3])
                                                      0.197     2.178 r  ctr/numCycles0_carry__4/CO[3]
                         net (fo=1, routed)           0.001     2.179    ctr/numCycles0_carry__4_n_0
    SLICE_X111Y100       CARRY4 (Prop_carry4_CI_O[0])
                                                      0.054     2.233 r  ctr/numCycles0_carry__5/O[0]
                         net (fo=1, routed)           0.000     2.233    ctr/data0[25]
    SLICE_X111Y100       FDRE                                         r  ctr/numCycles_reg[25]/D
  -------------------------------------------------------------------    -------------------

                         (clock clk_125mhz_fpga rise edge)
                                                      0.000     0.000 r  
    H16                                               0.000     0.000 r  CLK_125MHZ_FPGA (IN)
                         net (fo=0)                   0.000     0.000    CLK_125MHZ_FPGA
    H16                  IBUF (Prop_ibuf_I_O)         0.406     0.406 r  CLK_125MHZ_FPGA_IBUF_inst/O
                         net (fo=1, routed)           0.907     1.313    CLK_125MHZ_FPGA_IBUF
    BUFGCTRL_X0Y16       BUFG (Prop_bufg_I_O)         0.029     1.342 r  CLK_125MHZ_FPGA_IBUF_BUFG_inst/O
                         net (fo=31, routed)          0.995     2.337    ctr/CLK_125MHZ_FPGA_IBUF_BUFG
    SLICE_X111Y100       FDRE                                         r  ctr/numCycles_reg[25]/C
                         clock pessimism             -0.261     2.076    
    SLICE_X111Y100       FDRE (Hold_fdre_C_D)         0.105     2.181    ctr/numCycles_reg[25]
  -------------------------------------------------------------------
                         required time                         -2.181    
                         arrival time                           2.233    
  -------------------------------------------------------------------
                         slack                                  0.052    





Pulse Width Checks
--------------------------------------------------------------------------------------
Clock Name:         clk_125mhz_fpga
Waveform(ns):       { 0.000 4.000 }
Period(ns):         8.000
Sources:            { CLK_125MHZ_FPGA }

Check Type        Corner  Lib Pin  Reference Pin  Required(ns)  Actual(ns)  Slack(ns)  Location        Pin
Min Period        n/a     BUFG/I   n/a            2.155         8.000       5.845      BUFGCTRL_X0Y16  CLK_125MHZ_FPGA_IBUF_BUFG_inst/I
Low Pulse Width   Slow    FDRE/C   n/a            0.500         4.000       3.500      SLICE_X112Y96   ctr/led_cnt_value_reg[0]/C
High Pulse Width  Slow    FDRE/C   n/a            0.500         4.000       3.500      SLICE_X112Y96   ctr/led_cnt_value_reg[0]/C



